2022/07/05 19:37:01 [emerg] 1#1: host not found in upstream "tanuki-php81" in /etc/nginx/conf.d/tanuki.conf:12
2022/07/05 19:37:02 [emerg] 1#1: host not found in upstream "tanuki-php81" in /etc/nginx/conf.d/tanuki.conf:12
2022/07/05 19:37:02 [emerg] 1#1: host not found in upstream "tanuki-php81" in /etc/nginx/conf.d/tanuki.conf:12
2022/07/05 19:37:03 [emerg] 1#1: host not found in upstream "tanuki-php81" in /etc/nginx/conf.d/tanuki.conf:12
2022/07/05 19:37:04 [emerg] 1#1: host not found in upstream "tanuki-php81" in /etc/nginx/conf.d/tanuki.conf:12
2022/07/05 19:37:06 [emerg] 1#1: host not found in upstream "tanuki-php81" in /etc/nginx/conf.d/tanuki.conf:12
2022/07/05 19:37:09 [emerg] 1#1: host not found in upstream "tanuki-php81" in /etc/nginx/conf.d/tanuki.conf:12
2022/07/05 19:37:16 [emerg] 1#1: host not found in upstream "tanuki-php81" in /etc/nginx/conf.d/tanuki.conf:12
2022/07/05 19:37:29 [emerg] 1#1: host not found in upstream "tanuki-php81" in /etc/nginx/conf.d/tanuki.conf:12
2022/07/05 19:37:55 [emerg] 1#1: host not found in upstream "tanuki-php81" in /etc/nginx/conf.d/tanuki.conf:12
2022/07/05 19:38:34 [notice] 1#1: using the "epoll" event method
2022/07/05 19:38:34 [notice] 1#1: nginx/1.21.6
2022/07/05 19:38:34 [notice] 1#1: built by gcc 10.3.1 20211027 (Alpine 10.3.1_git20211027) 
2022/07/05 19:38:34 [notice] 1#1: OS: Linux 5.10.104-linuxkit
2022/07/05 19:38:34 [notice] 1#1: getrlimit(RLIMIT_NOFILE): 1048576:1048576
2022/07/05 19:38:34 [notice] 1#1: start worker processes
2022/07/05 19:38:34 [notice] 1#1: start worker process 32
2022/07/05 19:38:34 [notice] 1#1: start worker process 33
2022/07/05 19:38:34 [notice] 1#1: start worker process 34
2022/07/05 19:38:34 [notice] 1#1: start worker process 35
2022/07/05 19:39:02 [error] 33#33: *2 open() "/usr/share/nginx/html/favicon.ico" failed (2: No such file or directory), client: 172.18.0.1, server: localhost, request: "GET /favicon.ico HTTP/1.1", host: "localhost", referrer: "http://localhost/"
2022/07/05 19:43:39 [notice] 1#1: signal 3 (SIGQUIT) received, shutting down
2022/07/05 19:43:39 [notice] 32#32: gracefully shutting down
2022/07/05 19:43:39 [notice] 33#33: gracefully shutting down
2022/07/05 19:43:39 [notice] 34#34: gracefully shutting down
2022/07/05 19:43:39 [notice] 35#35: gracefully shutting down
2022/07/05 19:43:39 [notice] 32#32: exiting
2022/07/05 19:43:39 [notice] 33#33: exiting
2022/07/05 19:43:39 [notice] 34#34: exiting
2022/07/05 19:43:39 [notice] 34#34: exit
2022/07/05 19:43:39 [notice] 35#35: exiting
2022/07/05 19:43:39 [notice] 32#32: exit
2022/07/05 19:43:39 [notice] 33#33: exit
2022/07/05 19:43:39 [notice] 35#35: exit
2022/07/05 19:43:39 [notice] 1#1: signal 17 (SIGCHLD) received from 34
2022/07/05 19:43:39 [notice] 1#1: worker process 34 exited with code 0
2022/07/05 19:43:39 [notice] 1#1: signal 29 (SIGIO) received
2022/07/05 19:43:39 [notice] 1#1: signal 17 (SIGCHLD) received from 32
2022/07/05 19:43:39 [notice] 1#1: worker process 32 exited with code 0
2022/07/05 19:43:39 [notice] 1#1: worker process 33 exited with code 0
2022/07/05 19:43:39 [notice] 1#1: worker process 35 exited with code 0
2022/07/05 19:43:39 [notice] 1#1: exit
2022/07/05 19:43:42 [notice] 1#1: using the "epoll" event method
2022/07/05 19:43:42 [notice] 1#1: nginx/1.21.6
2022/07/05 19:43:42 [notice] 1#1: built by gcc 10.3.1 20211027 (Alpine 10.3.1_git20211027) 
2022/07/05 19:43:42 [notice] 1#1: OS: Linux 5.10.104-linuxkit
2022/07/05 19:43:42 [notice] 1#1: getrlimit(RLIMIT_NOFILE): 1048576:1048576
2022/07/05 19:43:42 [notice] 1#1: start worker processes
2022/07/05 19:43:42 [notice] 1#1: start worker process 25
2022/07/05 19:43:42 [notice] 1#1: start worker process 26
2022/07/05 19:43:42 [notice] 1#1: start worker process 27
2022/07/05 19:43:42 [notice] 1#1: start worker process 28
2022/07/05 20:26:49 [error] 27#27: *102 FastCGI sent in stderr: "PHP message: An Error occurred while handling another error:
yii\base\InvalidRouteException: Unable to resolve the request "site/error". in /var/www/project/vendor/yiisoft/yii2/base/Module.php:561
Stack trace:
#0 /var/www/project/vendor/yiisoft/yii2/web/ErrorHandler.php(109): yii\base\Module->runAction('site/error')
#1 /var/www/project/vendor/yiisoft/yii2/base/ErrorHandler.php(135): yii\web\ErrorHandler->renderException(Object(yii\web\NotFoundHttpException))
#2 [internal function]: yii\base\ErrorHandler->handleException(Object(yii\web\NotFoundHttpException))
#3 {main}
Previous exception:
yii\base\InvalidRouteException: Unable to resolve the request "". in /var/www/project/vendor/yiisoft/yii2/base/Module.php:561
Stack trace:
#0 /var/www/project/vendor/yiisoft/yii2/web/Application.php(103): yii\base\Module->runAction('', Array)
#1 /var/www/project/vendor/yiisoft/yii2/base/Application.php(384): yii\web\Application->handleRequest(Object(yii\web\Request))
#2 /var/www/project/web/index.php(12): yii\base\Application->run()
#3 {main}

Next yii\web\NotFoundHttpException: Page not found. in /var/www/project/vendor/yiisoft/yii2/web/Application.php:115
Stack trace:
#0 /var/www/project/vendor/yiisoft/yii2/base/Application.php(384): yii\web\Application->handleRequest(Object(yii\web\Request))
#1 /var/www/project/web/index.php(12): yii\base\Application->run()
#2 {main}
$_SERVER = [
    'HOSTNAME' => '0032aaa3f6df',
    'PHP_INI_DIR' => '/usr/local/etc/php',
    'HOME' => '/var/www',
    'PHP_LDFLAGS' => '-Wl,-O1 -pie',
    'PHP_CFLAGS' => '-fstack-protector-strong -fpic -fpie -O2 -D_LARGEFILE_SOURCE -D_FILE_OFFSET_BITS=64',
    'PHP_VERSION' => '7.4.30',
    'GPG_KEYS' => '42670A7FE4D0441C8E4632349E4FDC074A4EF02D 5A52880781F755608BF815FC910DEB46F53EA312',
    'PHP_CPPFLAGS' => '-fstack-protector-strong -fpic -fpie -O2 -D_LARGEFILE_SOURCE -D_FILE_OFFSET_BITS=64',
    'PHP_ASC_URL' => 'https://www.php.net/distributions/php-7.4.30.tar.xz.asc',
    'PHP_URL' => 'https
2022/07/05 20:26:49 [error] 27#27: *102 FastCGI sent in stderr: " 'HTTP_HOST' => 'tanuki.local',
    'HTTP_POSTMAN_TOKEN' => '934ed0a5-6847-47c7-bb3c-a4cdefc58be4',
    'HTTP_ACCEPT' => '*/*',
    'HTTP_USER_AGENT' => 'PostmanRuntime/7.29.0',
    'PATH_INFO' => '',
    'SCRIPT_FILENAME' => '/var/www/project/web/index.php',
    'REDIRECT_STATUS' => '200',
    'SERVER_NAME' => 'tanuki.local',
    'SERVER_PORT' => '80',
    'SERVER_ADDR' => '172.18.0.3',
    'REMOTE_PORT' => '55458',
    'REMOTE_ADDR' => '172.18.0.1',
    'SERVER_SOFTWARE' => 'nginx/1.21.6',
    'GATEWAY_INTERFACE' => 'CGI/1.1',
    'REQUEST_SCHEME' => 'http',
    'SERVER_PROTOCOL' => 'HTTP/1.1',
    'DOCUMENT_ROOT' => '/var/www/project/web',
    'DOCUMENT_URI' => '/index.php',
    'REQUEST_URI' => '/',
    'SCRIPT_NAME' => '/index.php',
    'CONTENT_LENGTH' => '',
    'CONTENT_TYPE' => '',
    'REQUEST_METHOD' => 'GET',
    'QUERY_STRING' => '',
    'FCGI_ROLE' => 'RESPONDER',
    'PHP_SELF' => '/index.php',
    'REQUEST_TIME_FLOAT' => 1657052809.485431,
    'REQUEST_TIME' => 1657052809,
]" while reading upstream, client: 172.18.0.1, server: tanuki.local, request: "GET / HTTP/1.1", upstream: "fastcgi://172.18.0.2:9000", host: "tanuki.local"
2022/07/05 20:27:42 [error] 27#27: *102 FastCGI sent in stderr: "PHP message: An Error occurred while handling another error:
yii\base\InvalidRouteException: Unable to resolve the request "site/error". in /var/www/project/vendor/yiisoft/yii2/base/Module.php:561
Stack trace:
#0 /var/www/project/vendor/yiisoft/yii2/web/ErrorHandler.php(109): yii\base\Module->runAction('site/error')
#1 /var/www/project/vendor/yiisoft/yii2/base/ErrorHandler.php(135): yii\web\ErrorHandler->renderException(Object(yii\web\NotFoundHttpException))
#2 [internal function]: yii\base\ErrorHandler->handleException(Object(yii\web\NotFoundHttpException))
#3 {main}
Previous exception:
yii\base\InvalidRouteException: Unable to resolve the request "". in /var/www/project/vendor/yiisoft/yii2/base/Module.php:561
Stack trace:
#0 /var/www/project/vendor/yiisoft/yii2/web/Application.php(103): yii\base\Module->runAction('', Array)
#1 /var/www/project/vendor/yiisoft/yii2/base/Application.php(384): yii\web\Application->handleRequest(Object(yii\web\Request))
#2 /var/www/project/web/index.php(12): yii\base\Application->run()
#3 {main}

Next yii\web\NotFoundHttpException: Page not found. in /var/www/project/vendor/yiisoft/yii2/web/Application.php:115
Stack trace:
#0 /var/www/project/vendor/yiisoft/yii2/base/Application.php(384): yii\web\Application->handleRequest(Object(yii\web\Request))
#1 /var/www/project/web/index.php(12): yii\base\Application->run()
#2 {main}
$_SERVER = [
    'HOSTNAME' => '0032aaa3f6df',
    'PHP_INI_DIR' => '/usr/local/etc/php',
    'HOME' => '/var/www',
    'PHP_LDFLAGS' => '-Wl,-O1 -pie',
    'PHP_CFLAGS' => '-fstack-protector-strong -fpic -fpie -O2 -D_LARGEFILE_SOURCE -D_FILE_OFFSET_BITS=64',
    'PHP_VERSION' => '7.4.30',
    'GPG_KEYS' => '42670A7FE4D0441C8E4632349E4FDC074A4EF02D 5A52880781F755608BF815FC910DEB46F53EA312',
    'PHP_CPPFLAGS' => '-fstack-protector-strong -fpic -fpie -O2 -D_LARGEFILE_SOURCE -D_FILE_OFFSET_BITS=64',
    'PHP_ASC_URL' => 'https://www.php.net/distributions/php-7.4.30.tar.xz.asc',
    'PHP_URL' => 'https
2022/07/05 20:27:42 [error] 27#27: *102 FastCGI sent in stderr: "OKEN' => '9ff465ea-a6f6-4fb4-9e67-b341ff4087b2',
    'HTTP_ACCEPT' => '*/*',
    'HTTP_USER_AGENT' => 'PostmanRuntime/7.29.0',
    'HTTP_ACCEPT_ENCODING' => 'application/json',
    'PATH_INFO' => '',
    'SCRIPT_FILENAME' => '/var/www/project/web/index.php',
    'REDIRECT_STATUS' => '200',
    'SERVER_NAME' => 'tanuki.local',
    'SERVER_PORT' => '80',
    'SERVER_ADDR' => '172.18.0.3',
    'REMOTE_PORT' => '55458',
    'REMOTE_ADDR' => '172.18.0.1',
    'SERVER_SOFTWARE' => 'nginx/1.21.6',
    'GATEWAY_INTERFACE' => 'CGI/1.1',
    'REQUEST_SCHEME' => 'http',
    'SERVER_PROTOCOL' => 'HTTP/1.1',
    'DOCUMENT_ROOT' => '/var/www/project/web',
    'DOCUMENT_URI' => '/index.php',
    'REQUEST_URI' => '/',
    'SCRIPT_NAME' => '/index.php',
    'CONTENT_LENGTH' => '',
    'CONTENT_TYPE' => '',
    'REQUEST_METHOD' => 'GET',
    'QUERY_STRING' => '',
    'FCGI_ROLE' => 'RESPONDER',
    'PHP_SELF' => '/index.php',
    'REQUEST_TIME_FLOAT' => 1657052862.030561,
    'REQUEST_TIME' => 1657052862,
]" while reading upstream, client: 172.18.0.1, server: tanuki.local, request: "GET / HTTP/1.1", upstream: "fastcgi://172.18.0.2:9000", host: "tanuki.local"
2022/07/05 20:27:55 [error] 27#27: *102 FastCGI sent in stderr: "PHP message: An Error occurred while handling another error:
yii\base\InvalidRouteException: Unable to resolve the request "site/error". in /var/www/project/vendor/yiisoft/yii2/base/Module.php:561
Stack trace:
#0 /var/www/project/vendor/yiisoft/yii2/web/ErrorHandler.php(109): yii\base\Module->runAction('site/error')
#1 /var/www/project/vendor/yiisoft/yii2/base/ErrorHandler.php(135): yii\web\ErrorHandler->renderException(Object(yii\web\NotFoundHttpException))
#2 [internal function]: yii\base\ErrorHandler->handleException(Object(yii\web\NotFoundHttpException))
#3 {main}
Previous exception:
yii\base\InvalidRouteException: Unable to resolve the request "". in /var/www/project/vendor/yiisoft/yii2/base/Module.php:561
Stack trace:
#0 /var/www/project/vendor/yiisoft/yii2/web/Application.php(103): yii\base\Module->runAction('', Array)
#1 /var/www/project/vendor/yiisoft/yii2/base/Application.php(384): yii\web\Application->handleRequest(Object(yii\web\Request))
#2 /var/www/project/web/index.php(12): yii\base\Application->run()
#3 {main}

Next yii\web\NotFoundHttpException: Page not found. in /var/www/project/vendor/yiisoft/yii2/web/Application.php:115
Stack trace:
#0 /var/www/project/vendor/yiisoft/yii2/base/Application.php(384): yii\web\Application->handleRequest(Object(yii\web\Request))
#1 /var/www/project/web/index.php(12): yii\base\Application->run()
#2 {main}
$_SERVER = [
    'HOSTNAME' => '0032aaa3f6df',
    'PHP_INI_DIR' => '/usr/local/etc/php',
    'HOME' => '/var/www',
    'PHP_LDFLAGS' => '-Wl,-O1 -pie',
    'PHP_CFLAGS' => '-fstack-protector-strong -fpic -fpie -O2 -D_LARGEFILE_SOURCE -D_FILE_OFFSET_BITS=64',
    'PHP_VERSION' => '7.4.30',
    'GPG_KEYS' => '42670A7FE4D0441C8E4632349E4FDC074A4EF02D 5A52880781F755608BF815FC910DEB46F53EA312',
    'PHP_CPPFLAGS' => '-fstack-protector-strong -fpic -fpie -O2 -D_LARGEFILE_SOURCE -D_FILE_OFFSET_BITS=64',
    'PHP_ASC_URL' => 'https://www.php.net/distributions/php-7.4.30.tar.xz.asc',
    'PHP_URL' => 'https
2022/07/05 20:27:55 [error] 27#27: *102 FastCGI sent in stderr: "OKEN' => 'b4dfece1-f9c8-4de3-ad78-01dd085c7f58',
    'HTTP_ACCEPT' => '*/*',
    'HTTP_USER_AGENT' => 'PostmanRuntime/7.29.0',
    'HTTP_ACCEPT_ENCODING' => 'application/json',
    'PATH_INFO' => '',
    'SCRIPT_FILENAME' => '/var/www/project/web/index.php',
    'REDIRECT_STATUS' => '200',
    'SERVER_NAME' => 'tanuki.local',
    'SERVER_PORT' => '80',
    'SERVER_ADDR' => '172.18.0.3',
    'REMOTE_PORT' => '55458',
    'REMOTE_ADDR' => '172.18.0.1',
    'SERVER_SOFTWARE' => 'nginx/1.21.6',
    'GATEWAY_INTERFACE' => 'CGI/1.1',
    'REQUEST_SCHEME' => 'http',
    'SERVER_PROTOCOL' => 'HTTP/1.1',
    'DOCUMENT_ROOT' => '/var/www/project/web',
    'DOCUMENT_URI' => '/index.php',
    'REQUEST_URI' => '/',
    'SCRIPT_NAME' => '/index.php',
    'CONTENT_LENGTH' => '',
    'CONTENT_TYPE' => '',
    'REQUEST_METHOD' => 'GET',
    'QUERY_STRING' => '',
    'FCGI_ROLE' => 'RESPONDER',
    'PHP_SELF' => '/index.php',
    'REQUEST_TIME_FLOAT' => 1657052875.171505,
    'REQUEST_TIME' => 1657052875,
]" while reading upstream, client: 172.18.0.1, server: tanuki.local, request: "GET / HTTP/1.1", upstream: "fastcgi://172.18.0.2:9000", host: "tanuki.local"
2022/07/05 20:28:43 [error] 27#27: *102 FastCGI sent in stderr: "PHP message: An Error occurred while handling another error:
yii\base\InvalidRouteException: Unable to resolve the request "site/error". in /var/www/project/vendor/yiisoft/yii2/base/Module.php:561
Stack trace:
#0 /var/www/project/vendor/yiisoft/yii2/web/ErrorHandler.php(109): yii\base\Module->runAction('site/error')
#1 /var/www/project/vendor/yiisoft/yii2/base/ErrorHandler.php(135): yii\web\ErrorHandler->renderException(Object(yii\web\NotFoundHttpException))
#2 [internal function]: yii\base\ErrorHandler->handleException(Object(yii\web\NotFoundHttpException))
#3 {main}
Previous exception:
yii\base\InvalidRouteException: Unable to resolve the request "". in /var/www/project/vendor/yiisoft/yii2/base/Module.php:561
Stack trace:
#0 /var/www/project/vendor/yiisoft/yii2/web/Application.php(103): yii\base\Module->runAction('', Array)
#1 /var/www/project/vendor/yiisoft/yii2/base/Application.php(384): yii\web\Application->handleRequest(Object(yii\web\Request))
#2 /var/www/project/web/index.php(12): yii\base\Application->run()
#3 {main}

Next yii\web\NotFoundHttpException: Page not found. in /var/www/project/vendor/yiisoft/yii2/web/Application.php:115
Stack trace:
#0 /var/www/project/vendor/yiisoft/yii2/base/Application.php(384): yii\web\Application->handleRequest(Object(yii\web\Request))
#1 /var/www/project/web/index.php(12): yii\base\Application->run()
#2 {main}
$_SERVER = [
    'HOSTNAME' => '0032aaa3f6df',
    'PHP_INI_DIR' => '/usr/local/etc/php',
    'HOME' => '/var/www',
    'PHP_LDFLAGS' => '-Wl,-O1 -pie',
    'PHP_CFLAGS' => '-fstack-protector-strong -fpic -fpie -O2 -D_LARGEFILE_SOURCE -D_FILE_OFFSET_BITS=64',
    'PHP_VERSION' => '7.4.30',
    'GPG_KEYS' => '42670A7FE4D0441C8E4632349E4FDC074A4EF02D 5A52880781F755608BF815FC910DEB46F53EA312',
    'PHP_CPPFLAGS' => '-fstack-protector-strong -fpic -fpie -O2 -D_LARGEFILE_SOURCE -D_FILE_OFFSET_BITS=64',
    'PHP_ASC_URL' => 'https://www.php.net/distributions/php-7.4.30.tar.xz.asc',
    'PHP_URL' => 'https
2022/07/05 20:28:43 [error] 27#27: *102 FastCGI sent in stderr: "OKEN' => 'cb567713-0a0c-4f30-99c6-2e7fb329129d',
    'HTTP_ACCEPT' => '*/*',
    'HTTP_USER_AGENT' => 'PostmanRuntime/7.29.0',
    'HTTP_ACCEPT_ENCODING' => 'application/json',
    'PATH_INFO' => '',
    'SCRIPT_FILENAME' => '/var/www/project/web/index.php',
    'REDIRECT_STATUS' => '200',
    'SERVER_NAME' => 'tanuki.local',
    'SERVER_PORT' => '80',
    'SERVER_ADDR' => '172.18.0.3',
    'REMOTE_PORT' => '55458',
    'REMOTE_ADDR' => '172.18.0.1',
    'SERVER_SOFTWARE' => 'nginx/1.21.6',
    'GATEWAY_INTERFACE' => 'CGI/1.1',
    'REQUEST_SCHEME' => 'http',
    'SERVER_PROTOCOL' => 'HTTP/1.1',
    'DOCUMENT_ROOT' => '/var/www/project/web',
    'DOCUMENT_URI' => '/index.php',
    'REQUEST_URI' => '/',
    'SCRIPT_NAME' => '/index.php',
    'CONTENT_LENGTH' => '',
    'CONTENT_TYPE' => '',
    'REQUEST_METHOD' => 'GET',
    'QUERY_STRING' => '',
    'FCGI_ROLE' => 'RESPONDER',
    'PHP_SELF' => '/index.php',
    'REQUEST_TIME_FLOAT' => 1657052923.629681,
    'REQUEST_TIME' => 1657052923,
]" while reading upstream, client: 172.18.0.1, server: tanuki.local, request: "GET / HTTP/1.1", upstream: "fastcgi://172.18.0.2:9000", host: "tanuki.local"
2022/07/05 20:29:00 [error] 27#27: *102 FastCGI sent in stderr: "PHP message: An Error occurred while handling another error:
yii\base\InvalidRouteException: Unable to resolve the request "site/error". in /var/www/project/vendor/yiisoft/yii2/base/Module.php:561
Stack trace:
#0 /var/www/project/vendor/yiisoft/yii2/web/ErrorHandler.php(109): yii\base\Module->runAction('site/error')
#1 /var/www/project/vendor/yiisoft/yii2/base/ErrorHandler.php(135): yii\web\ErrorHandler->renderException(Object(yii\web\NotFoundHttpException))
#2 [internal function]: yii\base\ErrorHandler->handleException(Object(yii\web\NotFoundHttpException))
#3 {main}
Previous exception:
yii\base\InvalidRouteException: Unable to resolve the request "". in /var/www/project/vendor/yiisoft/yii2/base/Module.php:561
Stack trace:
#0 /var/www/project/vendor/yiisoft/yii2/web/Application.php(103): yii\base\Module->runAction('', Array)
#1 /var/www/project/vendor/yiisoft/yii2/base/Application.php(384): yii\web\Application->handleRequest(Object(yii\web\Request))
#2 /var/www/project/web/index.php(12): yii\base\Application->run()
#3 {main}

Next yii\web\NotFoundHttpException: Page not found. in /var/www/project/vendor/yiisoft/yii2/web/Application.php:115
Stack trace:
#0 /var/www/project/vendor/yiisoft/yii2/base/Application.php(384): yii\web\Application->handleRequest(Object(yii\web\Request))
#1 /var/www/project/web/index.php(12): yii\base\Application->run()
#2 {main}
$_SERVER = [
    'HOSTNAME' => '0032aaa3f6df',
    'PHP_INI_DIR' => '/usr/local/etc/php',
    'HOME' => '/var/www',
    'PHP_LDFLAGS' => '-Wl,-O1 -pie',
    'PHP_CFLAGS' => '-fstack-protector-strong -fpic -fpie -O2 -D_LARGEFILE_SOURCE -D_FILE_OFFSET_BITS=64',
    'PHP_VERSION' => '7.4.30',
    'GPG_KEYS' => '42670A7FE4D0441C8E4632349E4FDC074A4EF02D 5A52880781F755608BF815FC910DEB46F53EA312',
    'PHP_CPPFLAGS' => '-fstack-protector-strong -fpic -fpie -O2 -D_LARGEFILE_SOURCE -D_FILE_OFFSET_BITS=64',
    'PHP_ASC_URL' => 'https://www.php.net/distributions/php-7.4.30.tar.xz.asc',
    'PHP_URL' => 'https
2022/07/05 20:29:00 [error] 27#27: *102 FastCGI sent in stderr: " 'HTTP_HOST' => 'tanuki.local',
    'HTTP_POSTMAN_TOKEN' => '17b838ec-4608-432b-a53c-14c50ea2ff54',
    'HTTP_ACCEPT' => '*/*',
    'HTTP_USER_AGENT' => 'PostmanRuntime/7.29.0',
    'HTTP_CONTENT_TYPE' => 'application/json',
    'PATH_INFO' => '',
    'SCRIPT_FILENAME' => '/var/www/project/web/index.php',
    'REDIRECT_STATUS' => '200',
    'SERVER_NAME' => 'tanuki.local',
    'SERVER_PORT' => '80',
    'SERVER_ADDR' => '172.18.0.3',
    'REMOTE_PORT' => '55458',
    'REMOTE_ADDR' => '172.18.0.1',
    'SERVER_SOFTWARE' => 'nginx/1.21.6',
    'GATEWAY_INTERFACE' => 'CGI/1.1',
    'REQUEST_SCHEME' => 'http',
    'SERVER_PROTOCOL' => 'HTTP/1.1',
    'DOCUMENT_ROOT' => '/var/www/project/web',
    'DOCUMENT_URI' => '/index.php',
    'REQUEST_URI' => '/',
    'SCRIPT_NAME' => '/index.php',
    'CONTENT_LENGTH' => '',
    'CONTENT_TYPE' => 'application/json',
    'REQUEST_METHOD' => 'GET',
    'QUERY_STRING' => '',
    'FCGI_ROLE' => 'RESPONDER',
    'PHP_SELF' => '/index.php',
    'REQUEST_TIME_FLOAT' => 1657052939.966352,
    'REQUEST_TIME' => 1657052939,
]" while reading upstream, client: 172.18.0.1, server: tanuki.local, request: "GET / HTTP/1.1", upstream: "fastcgi://172.18.0.2:9000", host: "tanuki.local"
2022/07/05 20:29:13 [error] 27#27: *102 FastCGI sent in stderr: "PHP message: An Error occurred while handling another error:
yii\base\InvalidRouteException: Unable to resolve the request "site/error". in /var/www/project/vendor/yiisoft/yii2/base/Module.php:561
Stack trace:
#0 /var/www/project/vendor/yiisoft/yii2/web/ErrorHandler.php(109): yii\base\Module->runAction('site/error')
#1 /var/www/project/vendor/yiisoft/yii2/base/ErrorHandler.php(135): yii\web\ErrorHandler->renderException(Object(yii\web\NotFoundHttpException))
#2 [internal function]: yii\base\ErrorHandler->handleException(Object(yii\web\NotFoundHttpException))
#3 {main}
Previous exception:
yii\base\InvalidRouteException: Unable to resolve the request "". in /var/www/project/vendor/yiisoft/yii2/base/Module.php:561
Stack trace:
#0 /var/www/project/vendor/yiisoft/yii2/web/Application.php(103): yii\base\Module->runAction('', Array)
#1 /var/www/project/vendor/yiisoft/yii2/base/Application.php(384): yii\web\Application->handleRequest(Object(yii\web\Request))
#2 /var/www/project/web/index.php(12): yii\base\Application->run()
#3 {main}

Next yii\web\NotFoundHttpException: Page not found. in /var/www/project/vendor/yiisoft/yii2/web/Application.php:115
Stack trace:
#0 /var/www/project/vendor/yiisoft/yii2/base/Application.php(384): yii\web\Application->handleRequest(Object(yii\web\Request))
#1 /var/www/project/web/index.php(12): yii\base\Application->run()
#2 {main}
$_SERVER = [
    'HOSTNAME' => '0032aaa3f6df',
    'PHP_INI_DIR' => '/usr/local/etc/php',
    'HOME' => '/var/www',
    'PHP_LDFLAGS' => '-Wl,-O1 -pie',
    'PHP_CFLAGS' => '-fstack-protector-strong -fpic -fpie -O2 -D_LARGEFILE_SOURCE -D_FILE_OFFSET_BITS=64',
    'PHP_VERSION' => '7.4.30',
    'GPG_KEYS' => '42670A7FE4D0441C8E4632349E4FDC074A4EF02D 5A52880781F755608BF815FC910DEB46F53EA312',
    'PHP_CPPFLAGS' => '-fstack-protector-strong -fpic -fpie -O2 -D_LARGEFILE_SOURCE -D_FILE_OFFSET_BITS=64',
    'PHP_ASC_URL' => 'https://www.php.net/distributions/php-7.4.30.tar.xz.asc',
    'PHP_URL' => 'https
2022/07/05 20:29:13 [error] 27#27: *102 FastCGI sent in stderr: " 'HTTP_HOST' => 'tanuki.local',
    'HTTP_POSTMAN_TOKEN' => 'ed300271-b0d3-4699-8ced-4020e81bca33',
    'HTTP_ACCEPT' => '*/*',
    'HTTP_USER_AGENT' => 'PostmanRuntime/7.29.0',
    'HTTP_CONTENT_TYPE' => 'application/json',
    'PATH_INFO' => '',
    'SCRIPT_FILENAME' => '/var/www/project/web/index.php',
    'REDIRECT_STATUS' => '200',
    'SERVER_NAME' => 'tanuki.local',
    'SERVER_PORT' => '80',
    'SERVER_ADDR' => '172.18.0.3',
    'REMOTE_PORT' => '55458',
    'REMOTE_ADDR' => '172.18.0.1',
    'SERVER_SOFTWARE' => 'nginx/1.21.6',
    'GATEWAY_INTERFACE' => 'CGI/1.1',
    'REQUEST_SCHEME' => 'http',
    'SERVER_PROTOCOL' => 'HTTP/1.1',
    'DOCUMENT_ROOT' => '/var/www/project/web',
    'DOCUMENT_URI' => '/index.php',
    'REQUEST_URI' => '/',
    'SCRIPT_NAME' => '/index.php',
    'CONTENT_LENGTH' => '',
    'CONTENT_TYPE' => 'application/json',
    'REQUEST_METHOD' => 'GET',
    'QUERY_STRING' => '',
    'FCGI_ROLE' => 'RESPONDER',
    'PHP_SELF' => '/index.php',
    'REQUEST_TIME_FLOAT' => 1657052953.916095,
    'REQUEST_TIME' => 1657052953,
]" while reading upstream, client: 172.18.0.1, server: tanuki.local, request: "GET / HTTP/1.1", upstream: "fastcgi://172.18.0.2:9000", host: "tanuki.local"
2022/07/05 20:29:15 [error] 27#27: *102 FastCGI sent in stderr: "PHP message: An Error occurred while handling another error:
yii\base\InvalidRouteException: Unable to resolve the request "site/error". in /var/www/project/vendor/yiisoft/yii2/base/Module.php:561
Stack trace:
#0 /var/www/project/vendor/yiisoft/yii2/web/ErrorHandler.php(109): yii\base\Module->runAction('site/error')
#1 /var/www/project/vendor/yiisoft/yii2/base/ErrorHandler.php(135): yii\web\ErrorHandler->renderException(Object(yii\web\NotFoundHttpException))
#2 [internal function]: yii\base\ErrorHandler->handleException(Object(yii\web\NotFoundHttpException))
#3 {main}
Previous exception:
yii\base\InvalidRouteException: Unable to resolve the request "". in /var/www/project/vendor/yiisoft/yii2/base/Module.php:561
Stack trace:
#0 /var/www/project/vendor/yiisoft/yii2/web/Application.php(103): yii\base\Module->runAction('', Array)
#1 /var/www/project/vendor/yiisoft/yii2/base/Application.php(384): yii\web\Application->handleRequest(Object(yii\web\Request))
#2 /var/www/project/web/index.php(12): yii\base\Application->run()
#3 {main}

Next yii\web\NotFoundHttpException: Page not found. in /var/www/project/vendor/yiisoft/yii2/web/Application.php:115
Stack trace:
#0 /var/www/project/vendor/yiisoft/yii2/base/Application.php(384): yii\web\Application->handleRequest(Object(yii\web\Request))
#1 /var/www/project/web/index.php(12): yii\base\Application->run()
#2 {main}
$_SERVER = [
    'HOSTNAME' => '0032aaa3f6df',
    'PHP_INI_DIR' => '/usr/local/etc/php',
    'HOME' => '/var/www',
    'PHP_LDFLAGS' => '-Wl,-O1 -pie',
    'PHP_CFLAGS' => '-fstack-protector-strong -fpic -fpie -O2 -D_LARGEFILE_SOURCE -D_FILE_OFFSET_BITS=64',
    'PHP_VERSION' => '7.4.30',
    'GPG_KEYS' => '42670A7FE4D0441C8E4632349E4FDC074A4EF02D 5A52880781F755608BF815FC910DEB46F53EA312',
    'PHP_CPPFLAGS' => '-fstack-protector-strong -fpic -fpie -O2 -D_LARGEFILE_SOURCE -D_FILE_OFFSET_BITS=64',
    'PHP_ASC_URL' => 'https://www.php.net/distributions/php-7.4.30.tar.xz.asc',
    'PHP_URL' => 'https
2022/07/05 20:29:15 [error] 27#27: *102 FastCGI sent in stderr: " 'HTTP_HOST' => 'tanuki.local',
    'HTTP_POSTMAN_TOKEN' => '597c90c6-7a5a-4abe-b1ac-adc3c022f6c5',
    'HTTP_ACCEPT' => '*/*',
    'HTTP_USER_AGENT' => 'PostmanRuntime/7.29.0',
    'HTTP_CONTENT_TYPE' => 'application/json',
    'PATH_INFO' => '',
    'SCRIPT_FILENAME' => '/var/www/project/web/index.php',
    'REDIRECT_STATUS' => '200',
    'SERVER_NAME' => 'tanuki.local',
    'SERVER_PORT' => '80',
    'SERVER_ADDR' => '172.18.0.3',
    'REMOTE_PORT' => '55458',
    'REMOTE_ADDR' => '172.18.0.1',
    'SERVER_SOFTWARE' => 'nginx/1.21.6',
    'GATEWAY_INTERFACE' => 'CGI/1.1',
    'REQUEST_SCHEME' => 'http',
    'SERVER_PROTOCOL' => 'HTTP/1.1',
    'DOCUMENT_ROOT' => '/var/www/project/web',
    'DOCUMENT_URI' => '/index.php',
    'REQUEST_URI' => '/',
    'SCRIPT_NAME' => '/index.php',
    'CONTENT_LENGTH' => '',
    'CONTENT_TYPE' => 'application/json',
    'REQUEST_METHOD' => 'GET',
    'QUERY_STRING' => '',
    'FCGI_ROLE' => 'RESPONDER',
    'PHP_SELF' => '/index.php',
    'REQUEST_TIME_FLOAT' => 1657052955.139972,
    'REQUEST_TIME' => 1657052955,
]" while reading upstream, client: 172.18.0.1, server: tanuki.local, request: "GET / HTTP/1.1", upstream: "fastcgi://172.18.0.2:9000", host: "tanuki.local"
2022/07/05 20:29:15 [error] 27#27: *102 FastCGI sent in stderr: "PHP message: An Error occurred while handling another error:
yii\base\InvalidRouteException: Unable to resolve the request "site/error". in /var/www/project/vendor/yiisoft/yii2/base/Module.php:561
Stack trace:
#0 /var/www/project/vendor/yiisoft/yii2/web/ErrorHandler.php(109): yii\base\Module->runAction('site/error')
#1 /var/www/project/vendor/yiisoft/yii2/base/ErrorHandler.php(135): yii\web\ErrorHandler->renderException(Object(yii\web\NotFoundHttpException))
#2 [internal function]: yii\base\ErrorHandler->handleException(Object(yii\web\NotFoundHttpException))
#3 {main}
Previous exception:
yii\base\InvalidRouteException: Unable to resolve the request "". in /var/www/project/vendor/yiisoft/yii2/base/Module.php:561
Stack trace:
#0 /var/www/project/vendor/yiisoft/yii2/web/Application.php(103): yii\base\Module->runAction('', Array)
#1 /var/www/project/vendor/yiisoft/yii2/base/Application.php(384): yii\web\Application->handleRequest(Object(yii\web\Request))
#2 /var/www/project/web/index.php(12): yii\base\Application->run()
#3 {main}

Next yii\web\NotFoundHttpException: Page not found. in /var/www/project/vendor/yiisoft/yii2/web/Application.php:115
Stack trace:
#0 /var/www/project/vendor/yiisoft/yii2/base/Application.php(384): yii\web\Application->handleRequest(Object(yii\web\Request))
#1 /var/www/project/web/index.php(12): yii\base\Application->run()
#2 {main}
$_SERVER = [
    'HOSTNAME' => '0032aaa3f6df',
    'PHP_INI_DIR' => '/usr/local/etc/php',
    'HOME' => '/var/www',
    'PHP_LDFLAGS' => '-Wl,-O1 -pie',
    'PHP_CFLAGS' => '-fstack-protector-strong -fpic -fpie -O2 -D_LARGEFILE_SOURCE -D_FILE_OFFSET_BITS=64',
    'PHP_VERSION' => '7.4.30',
    'GPG_KEYS' => '42670A7FE4D0441C8E4632349E4FDC074A4EF02D 5A52880781F755608BF815FC910DEB46F53EA312',
    'PHP_CPPFLAGS' => '-fstack-protector-strong -fpic -fpie -O2 -D_LARGEFILE_SOURCE -D_FILE_OFFSET_BITS=64',
    'PHP_ASC_URL' => 'https://www.php.net/distributions/php-7.4.30.tar.xz.asc',
    'PHP_URL' => 'https
2022/07/05 20:29:15 [error] 27#27: *102 FastCGI sent in stderr: " 'HTTP_HOST' => 'tanuki.local',
    'HTTP_POSTMAN_TOKEN' => 'a53b59e2-53e6-4dc8-a748-259940742cae',
    'HTTP_ACCEPT' => '*/*',
    'HTTP_USER_AGENT' => 'PostmanRuntime/7.29.0',
    'HTTP_CONTENT_TYPE' => 'application/json',
    'PATH_INFO' => '',
    'SCRIPT_FILENAME' => '/var/www/project/web/index.php',
    'REDIRECT_STATUS' => '200',
    'SERVER_NAME' => 'tanuki.local',
    'SERVER_PORT' => '80',
    'SERVER_ADDR' => '172.18.0.3',
    'REMOTE_PORT' => '55458',
    'REMOTE_ADDR' => '172.18.0.1',
    'SERVER_SOFTWARE' => 'nginx/1.21.6',
    'GATEWAY_INTERFACE' => 'CGI/1.1',
    'REQUEST_SCHEME' => 'http',
    'SERVER_PROTOCOL' => 'HTTP/1.1',
    'DOCUMENT_ROOT' => '/var/www/project/web',
    'DOCUMENT_URI' => '/index.php',
    'REQUEST_URI' => '/',
    'SCRIPT_NAME' => '/index.php',
    'CONTENT_LENGTH' => '',
    'CONTENT_TYPE' => 'application/json',
    'REQUEST_METHOD' => 'GET',
    'QUERY_STRING' => '',
    'FCGI_ROLE' => 'RESPONDER',
    'PHP_SELF' => '/index.php',
    'REQUEST_TIME_FLOAT' => 1657052955.637809,
    'REQUEST_TIME' => 1657052955,
]" while reading upstream, client: 172.18.0.1, server: tanuki.local, request: "GET / HTTP/1.1", upstream: "fastcgi://172.18.0.2:9000", host: "tanuki.local"
2022/07/05 20:29:33 [error] 27#27: *102 FastCGI sent in stderr: "PHP message: An Error occurred while handling another error:
yii\base\InvalidRouteException: Unable to resolve the request "site/error". in /var/www/project/vendor/yiisoft/yii2/base/Module.php:561
Stack trace:
#0 /var/www/project/vendor/yiisoft/yii2/web/ErrorHandler.php(109): yii\base\Module->runAction('site/error')
#1 /var/www/project/vendor/yiisoft/yii2/base/ErrorHandler.php(135): yii\web\ErrorHandler->renderException(Object(yii\web\NotFoundHttpException))
#2 [internal function]: yii\base\ErrorHandler->handleException(Object(yii\web\NotFoundHttpException))
#3 {main}
Previous exception:
yii\base\InvalidRouteException: Unable to resolve the request "". in /var/www/project/vendor/yiisoft/yii2/base/Module.php:561
Stack trace:
#0 /var/www/project/vendor/yiisoft/yii2/web/Application.php(103): yii\base\Module->runAction('', Array)
#1 /var/www/project/vendor/yiisoft/yii2/base/Application.php(384): yii\web\Application->handleRequest(Object(yii\web\Request))
#2 /var/www/project/web/index.php(12): yii\base\Application->run()
#3 {main}

Next yii\web\NotFoundHttpException: Page not found. in /var/www/project/vendor/yiisoft/yii2/web/Application.php:115
Stack trace:
#0 /var/www/project/vendor/yiisoft/yii2/base/Application.php(384): yii\web\Application->handleRequest(Object(yii\web\Request))
#1 /var/www/project/web/index.php(12): yii\base\Application->run()
#2 {main}
$_SERVER = [
    'HOSTNAME' => '0032aaa3f6df',
    'PHP_INI_DIR' => '/usr/local/etc/php',
    'HOME' => '/var/www',
    'PHP_LDFLAGS' => '-Wl,-O1 -pie',
    'PHP_CFLAGS' => '-fstack-protector-strong -fpic -fpie -O2 -D_LARGEFILE_SOURCE -D_FILE_OFFSET_BITS=64',
    'PHP_VERSION' => '7.4.30',
    'GPG_KEYS' => '42670A7FE4D0441C8E4632349E4FDC074A4EF02D 5A52880781F755608BF815FC910DEB46F53EA312',
    'PHP_CPPFLAGS' => '-fstack-protector-strong -fpic -fpie -O2 -D_LARGEFILE_SOURCE -D_FILE_OFFSET_BITS=64',
    'PHP_ASC_URL' => 'https://www.php.net/distributions/php-7.4.30.tar.xz.asc',
    'PHP_URL' => 'https
2022/07/05 20:29:33 [error] 27#27: *102 FastCGI sent in stderr: "OKEN' => '39a44cbe-45fc-4fdc-950b-28d35a7e210c',
    'HTTP_ACCEPT' => '*/*',
    'HTTP_USER_AGENT' => 'PostmanRuntime/7.29.0',
    'HTTP_ACCEPT_ENCODING' => 'application/json',
    'PATH_INFO' => '',
    'SCRIPT_FILENAME' => '/var/www/project/web/index.php',
    'REDIRECT_STATUS' => '200',
    'SERVER_NAME' => 'tanuki.local',
    'SERVER_PORT' => '80',
    'SERVER_ADDR' => '172.18.0.3',
    'REMOTE_PORT' => '55458',
    'REMOTE_ADDR' => '172.18.0.1',
    'SERVER_SOFTWARE' => 'nginx/1.21.6',
    'GATEWAY_INTERFACE' => 'CGI/1.1',
    'REQUEST_SCHEME' => 'http',
    'SERVER_PROTOCOL' => 'HTTP/1.1',
    'DOCUMENT_ROOT' => '/var/www/project/web',
    'DOCUMENT_URI' => '/index.php',
    'REQUEST_URI' => '/',
    'SCRIPT_NAME' => '/index.php',
    'CONTENT_LENGTH' => '',
    'CONTENT_TYPE' => '',
    'REQUEST_METHOD' => 'GET',
    'QUERY_STRING' => '',
    'FCGI_ROLE' => 'RESPONDER',
    'PHP_SELF' => '/index.php',
    'REQUEST_TIME_FLOAT' => 1657052973.771119,
    'REQUEST_TIME' => 1657052973,
]" while reading upstream, client: 172.18.0.1, server: tanuki.local, request: "GET / HTTP/1.1", upstream: "fastcgi://172.18.0.2:9000", host: "tanuki.local"
2022/07/05 20:29:42 [error] 27#27: *102 FastCGI sent in stderr: "PHP message: An Error occurred while handling another error:
yii\base\InvalidRouteException: Unable to resolve the request "site/error". in /var/www/project/vendor/yiisoft/yii2/base/Module.php:561
Stack trace:
#0 /var/www/project/vendor/yiisoft/yii2/web/ErrorHandler.php(109): yii\base\Module->runAction('site/error')
#1 /var/www/project/vendor/yiisoft/yii2/base/ErrorHandler.php(135): yii\web\ErrorHandler->renderException(Object(yii\web\NotFoundHttpException))
#2 [internal function]: yii\base\ErrorHandler->handleException(Object(yii\web\NotFoundHttpException))
#3 {main}
Previous exception:
yii\base\InvalidRouteException: Unable to resolve the request "". in /var/www/project/vendor/yiisoft/yii2/base/Module.php:561
Stack trace:
#0 /var/www/project/vendor/yiisoft/yii2/web/Application.php(103): yii\base\Module->runAction('', Array)
#1 /var/www/project/vendor/yiisoft/yii2/base/Application.php(384): yii\web\Application->handleRequest(Object(yii\web\Request))
#2 /var/www/project/web/index.php(12): yii\base\Application->run()
#3 {main}

Next yii\web\NotFoundHttpException: Page not found. in /var/www/project/vendor/yiisoft/yii2/web/Application.php:115
Stack trace:
#0 /var/www/project/vendor/yiisoft/yii2/base/Application.php(384): yii\web\Application->handleRequest(Object(yii\web\Request))
#1 /var/www/project/web/index.php(12): yii\base\Application->run()
#2 {main}
$_SERVER = [
    'HOSTNAME' => '0032aaa3f6df',
    'PHP_INI_DIR' => '/usr/local/etc/php',
    'HOME' => '/var/www',
    'PHP_LDFLAGS' => '-Wl,-O1 -pie',
    'PHP_CFLAGS' => '-fstack-protector-strong -fpic -fpie -O2 -D_LARGEFILE_SOURCE -D_FILE_OFFSET_BITS=64',
    'PHP_VERSION' => '7.4.30',
    'GPG_KEYS' => '42670A7FE4D0441C8E4632349E4FDC074A4EF02D 5A52880781F755608BF815FC910DEB46F53EA312',
    'PHP_CPPFLAGS' => '-fstack-protector-strong -fpic -fpie -O2 -D_LARGEFILE_SOURCE -D_FILE_OFFSET_BITS=64',
    'PHP_ASC_URL' => 'https://www.php.net/distributions/php-7.4.30.tar.xz.asc',
    'PHP_URL' => 'https
2022/07/05 20:29:42 [error] 27#27: *102 FastCGI sent in stderr: "OKEN' => '2c7c61b9-27cc-40cd-ac88-6d044a0a4952',
    'HTTP_ACCEPT' => '*/*',
    'HTTP_USER_AGENT' => 'PostmanRuntime/7.29.0',
    'HTTP_ACCEPT_ENCODING' => 'application/json',
    'PATH_INFO' => '',
    'SCRIPT_FILENAME' => '/var/www/project/web/index.php',
    'REDIRECT_STATUS' => '200',
    'SERVER_NAME' => 'tanuki.local',
    'SERVER_PORT' => '80',
    'SERVER_ADDR' => '172.18.0.3',
    'REMOTE_PORT' => '55458',
    'REMOTE_ADDR' => '172.18.0.1',
    'SERVER_SOFTWARE' => 'nginx/1.21.6',
    'GATEWAY_INTERFACE' => 'CGI/1.1',
    'REQUEST_SCHEME' => 'http',
    'SERVER_PROTOCOL' => 'HTTP/1.1',
    'DOCUMENT_ROOT' => '/var/www/project/web',
    'DOCUMENT_URI' => '/index.php',
    'REQUEST_URI' => '/',
    'SCRIPT_NAME' => '/index.php',
    'CONTENT_LENGTH' => '',
    'CONTENT_TYPE' => '',
    'REQUEST_METHOD' => 'GET',
    'QUERY_STRING' => '',
    'FCGI_ROLE' => 'RESPONDER',
    'PHP_SELF' => '/index.php',
    'REQUEST_TIME_FLOAT' => 1657052982.477315,
    'REQUEST_TIME' => 1657052982,
]" while reading upstream, client: 172.18.0.1, server: tanuki.local, request: "GET / HTTP/1.1", upstream: "fastcgi://172.18.0.2:9000", host: "tanuki.local"
2022/07/05 20:30:09 [error] 27#27: *102 FastCGI sent in stderr: "PHP message: An Error occurred while handling another error:
yii\base\InvalidRouteException: Unable to resolve the request "site/error". in /var/www/project/vendor/yiisoft/yii2/base/Module.php:561
Stack trace:
#0 /var/www/project/vendor/yiisoft/yii2/web/ErrorHandler.php(109): yii\base\Module->runAction('site/error')
#1 /var/www/project/vendor/yiisoft/yii2/base/ErrorHandler.php(135): yii\web\ErrorHandler->renderException(Object(yii\web\NotFoundHttpException))
#2 [internal function]: yii\base\ErrorHandler->handleException(Object(yii\web\NotFoundHttpException))
#3 {main}
Previous exception:
yii\base\InvalidRouteException: Unable to resolve the request "". in /var/www/project/vendor/yiisoft/yii2/base/Module.php:561
Stack trace:
#0 /var/www/project/vendor/yiisoft/yii2/web/Application.php(103): yii\base\Module->runAction('', Array)
#1 /var/www/project/vendor/yiisoft/yii2/base/Application.php(384): yii\web\Application->handleRequest(Object(yii\web\Request))
#2 /var/www/project/web/index.php(12): yii\base\Application->run()
#3 {main}

Next yii\web\NotFoundHttpException: Page not found. in /var/www/project/vendor/yiisoft/yii2/web/Application.php:115
Stack trace:
#0 /var/www/project/vendor/yiisoft/yii2/base/Application.php(384): yii\web\Application->handleRequest(Object(yii\web\Request))
#1 /var/www/project/web/index.php(12): yii\base\Application->run()
#2 {main}
$_SERVER = [
    'HOSTNAME' => '0032aaa3f6df',
    'PHP_INI_DIR' => '/usr/local/etc/php',
    'HOME' => '/var/www',
    'PHP_LDFLAGS' => '-Wl,-O1 -pie',
    'PHP_CFLAGS' => '-fstack-protector-strong -fpic -fpie -O2 -D_LARGEFILE_SOURCE -D_FILE_OFFSET_BITS=64',
    'PHP_VERSION' => '7.4.30',
    'GPG_KEYS' => '42670A7FE4D0441C8E4632349E4FDC074A4EF02D 5A52880781F755608BF815FC910DEB46F53EA312',
    'PHP_CPPFLAGS' => '-fstack-protector-strong -fpic -fpie -O2 -D_LARGEFILE_SOURCE -D_FILE_OFFSET_BITS=64',
    'PHP_ASC_URL' => 'https://www.php.net/distributions/php-7.4.30.tar.xz.asc',
    'PHP_URL' => 'https
2022/07/05 20:30:09 [error] 27#27: *102 FastCGI sent in stderr: " 'HTTP_HOST' => 'tanuki.local',
    'HTTP_POSTMAN_TOKEN' => '275cb157-262c-4863-bed4-ac279818268c',
    'HTTP_USER_AGENT' => 'PostmanRuntime/7.29.0',
    'HTTP_ACCEPT' => 'application/json',
    'PATH_INFO' => '',
    'SCRIPT_FILENAME' => '/var/www/project/web/index.php',
    'REDIRECT_STATUS' => '200',
    'SERVER_NAME' => 'tanuki.local',
    'SERVER_PORT' => '80',
    'SERVER_ADDR' => '172.18.0.3',
    'REMOTE_PORT' => '55458',
    'REMOTE_ADDR' => '172.18.0.1',
    'SERVER_SOFTWARE' => 'nginx/1.21.6',
    'GATEWAY_INTERFACE' => 'CGI/1.1',
    'REQUEST_SCHEME' => 'http',
    'SERVER_PROTOCOL' => 'HTTP/1.1',
    'DOCUMENT_ROOT' => '/var/www/project/web',
    'DOCUMENT_URI' => '/index.php',
    'REQUEST_URI' => '/',
    'SCRIPT_NAME' => '/index.php',
    'CONTENT_LENGTH' => '',
    'CONTENT_TYPE' => '',
    'REQUEST_METHOD' => 'GET',
    'QUERY_STRING' => '',
    'FCGI_ROLE' => 'RESPONDER',
    'PHP_SELF' => '/index.php',
    'REQUEST_TIME_FLOAT' => 1657053009.88075,
    'REQUEST_TIME' => 1657053009,
]" while reading upstream, client: 172.18.0.1, server: tanuki.local, request: "GET / HTTP/1.1", upstream: "fastcgi://172.18.0.2:9000", host: "tanuki.local"
2022/07/05 20:30:24 [error] 27#27: *102 FastCGI sent in stderr: "PHP message: An Error occurred while handling another error:
yii\base\InvalidRouteException: Unable to resolve the request "site/error". in /var/www/project/vendor/yiisoft/yii2/base/Module.php:561
Stack trace:
#0 /var/www/project/vendor/yiisoft/yii2/web/ErrorHandler.php(109): yii\base\Module->runAction('site/error')
#1 /var/www/project/vendor/yiisoft/yii2/base/ErrorHandler.php(135): yii\web\ErrorHandler->renderException(Object(yii\web\NotFoundHttpException))
#2 [internal function]: yii\base\ErrorHandler->handleException(Object(yii\web\NotFoundHttpException))
#3 {main}
Previous exception:
yii\base\InvalidRouteException: Unable to resolve the request "". in /var/www/project/vendor/yiisoft/yii2/base/Module.php:561
Stack trace:
#0 /var/www/project/vendor/yiisoft/yii2/web/Application.php(103): yii\base\Module->runAction('', Array)
#1 /var/www/project/vendor/yiisoft/yii2/base/Application.php(384): yii\web\Application->handleRequest(Object(yii\web\Request))
#2 /var/www/project/web/index.php(12): yii\base\Application->run()
#3 {main}

Next yii\web\NotFoundHttpException: Page not found. in /var/www/project/vendor/yiisoft/yii2/web/Application.php:115
Stack trace:
#0 /var/www/project/vendor/yiisoft/yii2/base/Application.php(384): yii\web\Application->handleRequest(Object(yii\web\Request))
#1 /var/www/project/web/index.php(12): yii\base\Application->run()
#2 {main}
$_SERVER = [
    'HOSTNAME' => '0032aaa3f6df',
    'PHP_INI_DIR' => '/usr/local/etc/php',
    'HOME' => '/var/www',
    'PHP_LDFLAGS' => '-Wl,-O1 -pie',
    'PHP_CFLAGS' => '-fstack-protector-strong -fpic -fpie -O2 -D_LARGEFILE_SOURCE -D_FILE_OFFSET_BITS=64',
    'PHP_VERSION' => '7.4.30',
    'GPG_KEYS' => '42670A7FE4D0441C8E4632349E4FDC074A4EF02D 5A52880781F755608BF815FC910DEB46F53EA312',
    'PHP_CPPFLAGS' => '-fstack-protector-strong -fpic -fpie -O2 -D_LARGEFILE_SOURCE -D_FILE_OFFSET_BITS=64',
    'PHP_ASC_URL' => 'https://www.php.net/distributions/php-7.4.30.tar.xz.asc',
    'PHP_URL' => 'https
2022/07/05 20:30:24 [error] 27#27: *102 FastCGI sent in stderr: " 'HTTP_HOST' => 'tanuki.local',
    'HTTP_POSTMAN_TOKEN' => 'd461e5a1-8ed5-4f25-afd2-72ac9bd61854',
    'HTTP_ACCEPT' => '*/*',
    'HTTP_USER_AGENT' => 'PostmanRuntime/7.29.0',
    'HTTP_CONTENT_TYPE' => 'application/json',
    'PATH_INFO' => '',
    'SCRIPT_FILENAME' => '/var/www/project/web/index.php',
    'REDIRECT_STATUS' => '200',
    'SERVER_NAME' => 'tanuki.local',
    'SERVER_PORT' => '80',
    'SERVER_ADDR' => '172.18.0.3',
    'REMOTE_PORT' => '55458',
    'REMOTE_ADDR' => '172.18.0.1',
    'SERVER_SOFTWARE' => 'nginx/1.21.6',
    'GATEWAY_INTERFACE' => 'CGI/1.1',
    'REQUEST_SCHEME' => 'http',
    'SERVER_PROTOCOL' => 'HTTP/1.1',
    'DOCUMENT_ROOT' => '/var/www/project/web',
    'DOCUMENT_URI' => '/index.php',
    'REQUEST_URI' => '/',
    'SCRIPT_NAME' => '/index.php',
    'CONTENT_LENGTH' => '',
    'CONTENT_TYPE' => 'application/json',
    'REQUEST_METHOD' => 'GET',
    'QUERY_STRING' => '',
    'FCGI_ROLE' => 'RESPONDER',
    'PHP_SELF' => '/index.php',
    'REQUEST_TIME_FLOAT' => 1657053024.681648,
    'REQUEST_TIME' => 1657053024,
]" while reading upstream, client: 172.18.0.1, server: tanuki.local, request: "GET / HTTP/1.1", upstream: "fastcgi://172.18.0.2:9000", host: "tanuki.local"
2022/07/05 20:30:41 [error] 27#27: *102 FastCGI sent in stderr: "PHP message: An Error occurred while handling another error:
yii\base\InvalidRouteException: Unable to resolve the request "site/error". in /var/www/project/vendor/yiisoft/yii2/base/Module.php:561
Stack trace:
#0 /var/www/project/vendor/yiisoft/yii2/web/ErrorHandler.php(109): yii\base\Module->runAction('site/error')
#1 /var/www/project/vendor/yiisoft/yii2/base/ErrorHandler.php(135): yii\web\ErrorHandler->renderException(Object(yii\web\NotFoundHttpException))
#2 [internal function]: yii\base\ErrorHandler->handleException(Object(yii\web\NotFoundHttpException))
#3 {main}
Previous exception:
yii\base\InvalidRouteException: Unable to resolve the request "". in /var/www/project/vendor/yiisoft/yii2/base/Module.php:561
Stack trace:
#0 /var/www/project/vendor/yiisoft/yii2/web/Application.php(103): yii\base\Module->runAction('', Array)
#1 /var/www/project/vendor/yiisoft/yii2/base/Application.php(384): yii\web\Application->handleRequest(Object(yii\web\Request))
#2 /var/www/project/web/index.php(12): yii\base\Application->run()
#3 {main}

Next yii\web\NotFoundHttpException: Page not found. in /var/www/project/vendor/yiisoft/yii2/web/Application.php:115
Stack trace:
#0 /var/www/project/vendor/yiisoft/yii2/base/Application.php(384): yii\web\Application->handleRequest(Object(yii\web\Request))
#1 /var/www/project/web/index.php(12): yii\base\Application->run()
#2 {main}
$_SERVER = [
    'HOSTNAME' => '0032aaa3f6df',
    'PHP_INI_DIR' => '/usr/local/etc/php',
    'HOME' => '/var/www',
    'PHP_LDFLAGS' => '-Wl,-O1 -pie',
    'PHP_CFLAGS' => '-fstack-protector-strong -fpic -fpie -O2 -D_LARGEFILE_SOURCE -D_FILE_OFFSET_BITS=64',
    'PHP_VERSION' => '7.4.30',
    'GPG_KEYS' => '42670A7FE4D0441C8E4632349E4FDC074A4EF02D 5A52880781F755608BF815FC910DEB46F53EA312',
    'PHP_CPPFLAGS' => '-fstack-protector-strong -fpic -fpie -O2 -D_LARGEFILE_SOURCE -D_FILE_OFFSET_BITS=64',
    'PHP_ASC_URL' => 'https://www.php.net/distributions/php-7.4.30.tar.xz.asc',
    'PHP_URL' => 'https
2022/07/05 20:30:41 [error] 27#27: *102 FastCGI sent in stderr: " 'HTTP_HOST' => 'tanuki.local',
    'HTTP_POSTMAN_TOKEN' => '69196e7b-ec49-42e4-82ac-e726baf3cd30',
    'HTTP_ACCEPT' => '*/*',
    'HTTP_USER_AGENT' => 'PostmanRuntime/7.29.0',
    'HTTP_CONTENT_TYPE' => 'application/json',
    'PATH_INFO' => '',
    'SCRIPT_FILENAME' => '/var/www/project/web/index.php',
    'REDIRECT_STATUS' => '200',
    'SERVER_NAME' => 'tanuki.local',
    'SERVER_PORT' => '80',
    'SERVER_ADDR' => '172.18.0.3',
    'REMOTE_PORT' => '55458',
    'REMOTE_ADDR' => '172.18.0.1',
    'SERVER_SOFTWARE' => 'nginx/1.21.6',
    'GATEWAY_INTERFACE' => 'CGI/1.1',
    'REQUEST_SCHEME' => 'http',
    'SERVER_PROTOCOL' => 'HTTP/1.1',
    'DOCUMENT_ROOT' => '/var/www/project/web',
    'DOCUMENT_URI' => '/index.php',
    'REQUEST_URI' => '/',
    'SCRIPT_NAME' => '/index.php',
    'CONTENT_LENGTH' => '',
    'CONTENT_TYPE' => 'application/json',
    'REQUEST_METHOD' => 'GET',
    'QUERY_STRING' => '',
    'FCGI_ROLE' => 'RESPONDER',
    'PHP_SELF' => '/index.php',
    'REQUEST_TIME_FLOAT' => 1657053041.847625,
    'REQUEST_TIME' => 1657053041,
]" while reading upstream, client: 172.18.0.1, server: tanuki.local, request: "GET / HTTP/1.1", upstream: "fastcgi://172.18.0.2:9000", host: "tanuki.local"
2022/07/06 21:00:13 [error] 25#25: *203 FastCGI sent in stderr: "PHP message: An Error occurred while handling another error:
yii\base\InvalidRouteException: Unable to resolve the request "site/error". in /var/www/project/vendor/yiisoft/yii2/base/Module.php:561
Stack trace:
#0 /var/www/project/vendor/yiisoft/yii2/web/ErrorHandler.php(109): yii\base\Module->runAction('site/error')
#1 /var/www/project/vendor/yiisoft/yii2/base/ErrorHandler.php(135): yii\web\ErrorHandler->renderException(Object(yii\web\NotFoundHttpException))
#2 [internal function]: yii\base\ErrorHandler->handleException(Object(yii\web\NotFoundHttpException))
#3 {main}
Previous exception:
yii\base\InvalidRouteException: Unable to resolve the request: cart/process in /var/www/project/vendor/yiisoft/yii2/base/Controller.php:149
Stack trace:
#0 /var/www/project/vendor/yiisoft/yii2/base/Module.php(552): yii\base\Controller->runAction('process', Array)
#1 /var/www/project/vendor/yiisoft/yii2/web/Application.php(103): yii\base\Module->runAction('cart/process', Array)
#2 /var/www/project/vendor/yiisoft/yii2/base/Application.php(384): yii\web\Application->handleRequest(Object(yii\web\Request))
#3 /var/www/project/web/index.php(12): yii\base\Application->run()
#4 {main}

Next yii\web\NotFoundHttpException: Page not found. in /var/www/project/vendor/yiisoft/yii2/web/Application.php:115
Stack trace:
#0 /var/www/project/vendor/yiisoft/yii2/base/Application.php(384): yii\web\Application->handleRequest(Object(yii\web\Request))
#1 /var/www/project/web/index.php(12): yii\base\Application->run()
#2 {main}
$_SERVER = [
    'HOSTNAME' => '0032aaa3f6df',
    'PHP_INI_DIR' => '/usr/local/etc/php',
    'HOME' => '/var/www',
    'PHP_LDFLAGS' => '-Wl,-O1 -pie',
    'PHP_CFLAGS' => '-fstack-protector-strong -fpic -fpie -O2 -D_LARGEFILE_SOURCE -D_FILE_OFFSET_BITS=64',
    'PHP_VERSION' => '7.4.30',
    'GPG_KEYS' => '42670A7FE4D0441C8E4632349E4FDC074A4EF02D 5A52880781F755608BF815FC910DEB46F53EA312',
    'PHP_CPPFLAGS' => '-fstack-protector-strong -fpic -fpie -O2 -D_LARGEFIL
2022/07/06 21:00:13 [error] 25#25: *203 FastCGI sent in stderr: " 		libc-dev 		make 		pkg-config 		re2c',
    'PWD' => '/var/www',
    'PHP_SHA256' => 'ea72a34f32c67e79ac2da7dfe96177f3c451c3eefae5810ba13312ed398ba70d',
    'USER' => 'www-data',
    'HTTP_CONTENT_LENGTH' => '161',
    'HTTP_CONNECTION' => 'keep-alive',
    'HTTP_ACCEPT_ENCODING' => 'gzip, deflate, br',
    'HTTP_HOST' => 'tanuki.local',
    'HTTP_POSTMAN_TOKEN' => '6ea856b9-e83a-44df-9351-6607a4f56f6b',
    'HTTP_ACCEPT' => '*/*',
    'HTTP_USER_AGENT' => 'PostmanRuntime/7.29.0',
    'HTTP_CONTENT_TYPE' => 'application/json',
    'PATH_INFO' => '',
    'SCRIPT_FILENAME' => '/var/www/project/web/index.php',
    'REDIRECT_STATUS' => '200',
    'SERVER_NAME' => 'tanuki.local',
    'SERVER_PORT' => '80',
    'SERVER_ADDR' => '172.18.0.3',
    'REMOTE_PORT' => '55660',
    'REMOTE_ADDR' => '172.18.0.1',
    'SERVER_SOFTWARE' => 'nginx/1.21.6',
    'GATEWAY_INTERFACE' => 'CGI/1.1',
    'REQUEST_SCHEME' => 'http',
    'SERVER_PROTOCOL' => 'HTTP/1.1',
    'DOCUMENT_ROOT' => '/var/www/project/web',
    'DOCUMENT_URI' => '/index.php',
    'REQUEST_URI' => '/cart/process',
    'SCRIPT_NAME' => '/index.php',
    'CONTENT_LENGTH' => '161',
    'CONTENT_TYPE' => 'application/json',
    'REQUEST_METHOD' => 'GET',
    'QUERY_STRING' => '',
    'FCGI_ROLE' => 'RESPONDER',
    'PHP_SELF' => '/index.php',
    'REQUEST_TIME_FLOAT' => 1657141213.058757,
    'REQUEST_TIME' => 1657141213,
]" while reading upstream, client: 172.18.0.1, server: tanuki.local, request: "GET /cart/process HTTP/1.1", upstream: "fastcgi://172.18.0.2:9000", host: "tanuki.local"
2022/07/07 08:41:47 [error] 27#27: *229 open() "/usr/share/nginx/html/announce" failed (2: No such file or directory), client: 172.18.0.1, server: localhost, request: "GET /announce?info_hash=U%b3Y%c0%e2%95lH%0d%04%97O%d1%a4V%172%ce%a0%1f&peer_id=-UW1287-)uOk!60abgMr&port=45736&uploaded=196608&downloaded=16879654968&left=0&corrupt=0&key=CCC0640D&event=started&numwant=200&compact=1&no_peer_id=1&supportcrypto=1&redundant=186125 HTTP/1.1", host: "retracker.local"
2022/07/07 09:41:47 [error] 26#26: *260 open() "/usr/share/nginx/html/announce" failed (2: No such file or directory), client: 172.18.0.1, server: localhost, request: "GET /announce?info_hash=U%b3Y%c0%e2%95lH%0d%04%97O%d1%a4V%172%ce%a0%1f&peer_id=-UW1287-)uOk!60abgMr&port=45736&uploaded=196608&downloaded=16879654968&left=0&corrupt=0&key=CCC0640D&event=started&numwant=200&compact=1&no_peer_id=1&supportcrypto=1&redundant=186125 HTTP/1.1", host: "retracker.local"
2022/07/07 10:41:37 [error] 28#28: *278 open() "/usr/share/nginx/html/announce" failed (2: No such file or directory), client: 172.18.0.1, server: localhost, request: "GET /announce?info_hash=U%b3Y%c0%e2%95lH%0d%04%97O%d1%a4V%172%ce%a0%1f&peer_id=-UW1287-)uOk!60abgMr&port=45736&uploaded=196608&downloaded=16879654968&left=0&corrupt=0&key=CCC0640D&event=started&numwant=200&compact=1&no_peer_id=1&supportcrypto=1&redundant=186125 HTTP/1.1", host: "retracker.local"
2022/07/07 11:46:41 [error] 25#25: *282 open() "/usr/share/nginx/html/announce" failed (2: No such file or directory), client: 172.18.0.1, server: localhost, request: "GET /announce?info_hash=U%b3Y%c0%e2%95lH%0d%04%97O%d1%a4V%172%ce%a0%1f&peer_id=-UW1287-)uOk!60abgMr&port=45736&uploaded=196608&downloaded=16879654968&left=0&corrupt=0&key=CCC0640D&event=started&numwant=200&compact=1&no_peer_id=1&supportcrypto=1&redundant=186125 HTTP/1.1", host: "retracker.local"
2022/07/07 12:46:41 [error] 25#25: *283 open() "/usr/share/nginx/html/announce" failed (2: No such file or directory), client: 172.18.0.1, server: localhost, request: "GET /announce?info_hash=U%b3Y%c0%e2%95lH%0d%04%97O%d1%a4V%172%ce%a0%1f&peer_id=-UW1287-)uOk!60abgMr&port=45736&uploaded=196608&downloaded=16879654968&left=0&corrupt=0&key=CCC0640D&event=started&numwant=200&compact=1&no_peer_id=1&supportcrypto=1&redundant=186125 HTTP/1.1", host: "retracker.local"
2022/07/07 13:46:41 [error] 25#25: *284 open() "/usr/share/nginx/html/announce" failed (2: No such file or directory), client: 172.18.0.1, server: localhost, request: "GET /announce?info_hash=U%b3Y%c0%e2%95lH%0d%04%97O%d1%a4V%172%ce%a0%1f&peer_id=-UW1287-)uOk!60abgMr&port=45736&uploaded=196608&downloaded=16879654968&left=0&corrupt=0&key=CCC0640D&event=started&numwant=200&compact=1&no_peer_id=1&supportcrypto=1&redundant=186125 HTTP/1.1", host: "retracker.local"
2022/07/07 14:46:41 [error] 27#27: *315 open() "/usr/share/nginx/html/announce" failed (2: No such file or directory), client: 172.18.0.1, server: localhost, request: "GET /announce?info_hash=U%b3Y%c0%e2%95lH%0d%04%97O%d1%a4V%172%ce%a0%1f&peer_id=-UW1287-)uOk!60abgMr&port=45736&uploaded=196608&downloaded=16879654968&left=0&corrupt=0&key=CCC0640D&event=started&numwant=200&compact=1&no_peer_id=1&supportcrypto=1&redundant=186125 HTTP/1.1", host: "retracker.local"
2022/07/07 15:46:41 [error] 27#27: *376 open() "/usr/share/nginx/html/announce" failed (2: No such file or directory), client: 172.18.0.1, server: localhost, request: "GET /announce?info_hash=U%b3Y%c0%e2%95lH%0d%04%97O%d1%a4V%172%ce%a0%1f&peer_id=-UW1287-)uOk!60abgMr&port=45736&uploaded=196608&downloaded=16879654968&left=0&corrupt=0&key=CCC0640D&event=started&numwant=200&compact=1&no_peer_id=1&supportcrypto=1&redundant=186125 HTTP/1.1", host: "retracker.local"
